<?xml version="1.0" encoding="UTF-8"?>
<!-- Generated by org.testng.reporters.JUnitReportReporter -->
<testsuite hostname="DESKTOP-KHFPL78" failures="0" tests="4" name="com.Runner.HomeRunnerTestcase" time="35.400" errors="0" timestamp="2025-03-21T06:16:00 PDT" skipped="0">
  <testcase classname="com.Runner.HomeRunnerTestcase" name="runScenario" time="4.814"/>
  <testcase classname="com.Runner.HomeRunnerTestcase" name="runScenario" time="9.183"/>
  <testcase classname="com.Runner.HomeRunnerTestcase" name="runScenario" time="13.722"/>
  <testcase classname="com.Runner.HomeRunnerTestcase" name="runScenario" time="7.681"/>
</testsuite> <!-- com.Runner.HomeRunnerTestcase -->
