<?xml version="1.0" encoding="UTF-8"?>
<!-- Generated by org.testng.reporters.JUnitReportReporter -->
<testsuite hostname="DESKTOP-KHFPL78" failures="0" tests="2" name="com.Runner.ShoppingRunnerTestcase" time="35.882" errors="0" timestamp="2025-03-21T06:16:00 PDT" skipped="0">
  <testcase classname="com.Runner.ShoppingRunnerTestcase" name="runScenario" time="14.854"/>
  <testcase classname="com.Runner.ShoppingRunnerTestcase" name="runScenario" time="21.028"/>
</testsuite> <!-- com.Runner.ShoppingRunnerTestcase -->
