<?xml version="1.0" encoding="UTF-8"?>
<!-- Generated by org.testng.reporters.JUnitReportReporter -->
<testsuite hostname="DESKTOP-KHFPL78" failures="0" tests="2" name="com.Runner.ProductRunnerTestcase" time="34.148" errors="0" timestamp="2025-03-21T06:16:00 PDT" skipped="0">
  <testcase classname="com.Runner.ProductRunnerTestcase" name="runScenario" time="13.098"/>
  <testcase classname="com.Runner.ProductRunnerTestcase" name="runScenario" time="21.050"/>
</testsuite> <!-- com.Runner.ProductRunnerTestcase -->
