<?xml version="1.0" encoding="UTF-8"?>
<!-- Generated by org.testng.reporters.JUnitReportReporter -->
<testsuite hostname="DESKTOP-KHFPL78" failures="0" tests="4" name="com.Runner.TestRunner" time="29.435" errors="0" timestamp="2025-03-18T02:10:32 PDT" skipped="0">
  <testcase classname="com.Runner.TestRunner" name="runScenario" time="6.549"/>
  <testcase classname="com.Runner.TestRunner" name="runScenario" time="7.297"/>
  <testcase classname="com.Runner.TestRunner" name="runScenario" time="10.919"/>
  <testcase classname="com.Runner.TestRunner" name="runScenario" time="4.670"/>
</testsuite> <!-- com.Runner.TestRunner -->
