<?xml version="1.0" encoding="UTF-8"?>
<!-- Generated by org.testng.reporters.JUnitReportReporter -->
<testsuite hostname="DESKTOP-KHFPL78" failures="0" tests="2" name="com.Runner.ProductTestRunner" time="22.905" errors="0" timestamp="2025-03-19T20:21:43 PDT" skipped="0">
  <testcase classname="com.Runner.ProductTestRunner" name="runScenario" time="15.345"/>
  <testcase classname="com.Runner.ProductTestRunner" name="runScenario" time="7.560"/>
</testsuite> <!-- com.Runner.ProductTestRunner -->
