<?xml version="1.0" encoding="UTF-8"?>
<!-- Generated by org.testng.reporters.JUnitReportReporter -->
<testsuite hostname="DESKTOP-KHFPL78" failures="0" tests="1" name="com.Runner.OrderRunnerTestcase" time="18.031" errors="0" timestamp="2025-03-21T02:30:46 PDT" skipped="0">
  <testcase classname="com.Runner.OrderRunnerTestcase" name="runScenario" time="18.031"/>
</testsuite> <!-- com.Runner.OrderRunnerTestcase -->
