<?xml version="1.0" encoding="UTF-8"?>
<!-- Generated by org.testng.reporters.JUnitReportReporter -->
<testsuite hostname="DESKTOP-KHFPL78" failures="0" tests="2" name="com.Runner.ProductRunnerTestcase" time="29.218" errors="0" timestamp="2025-03-21T04:25:09 PDT" skipped="0">
  <testcase classname="com.Runner.ProductRunnerTestcase" name="runScenario" time="11.985"/>
  <testcase classname="com.Runner.ProductRunnerTestcase" name="runScenario" time="17.233"/>
</testsuite> <!-- com.Runner.ProductRunnerTestcase -->
