<?xml version="1.0" encoding="UTF-8"?>
<!-- Generated by org.testng.reporters.JUnitReportReporter -->
<testsuite hostname="DESKTOP-KHFPL78" failures="0" tests="1" name="Feb_26.WindowAlertDemo" time="10.909" errors="0" timestamp="2025-02-26T02:51:19 PST" skipped="0">
  <testcase classname="Feb_26.WindowAlertDemo" name="WindowAlertDemo" time="10.909"/>
</testsuite> <!-- Feb_26.WindowAlertDemo -->
