<?xml version="1.0" encoding="UTF-8"?>
<!-- Generated by org.testng.reporters.JUnitReportReporter -->
<testsuite hostname="DESKTOP-KHFPL78" failures="0" tests="4" name="com.Runner.HomeRunnerTestcase" time="33.942" errors="0" timestamp="2025-03-21T04:25:09 PDT" skipped="0">
  <testcase classname="com.Runner.HomeRunnerTestcase" name="runScenario" time="8.132"/>
  <testcase classname="com.Runner.HomeRunnerTestcase" name="runScenario" time="14.803"/>
  <testcase classname="com.Runner.HomeRunnerTestcase" name="runScenario" time="5.902"/>
  <testcase classname="com.Runner.HomeRunnerTestcase" name="runScenario" time="5.105"/>
</testsuite> <!-- com.Runner.HomeRunnerTestcase -->
