<?xml version="1.0" encoding="UTF-8"?>
<!-- Generated by org.testng.reporters.JUnitReportReporter -->
<testsuite hostname="DESKTOP-KHFPL78" failures="0" tests="2" name="com.Runner.ShoppingRunnerTestcase" time="21.772" errors="0" timestamp="2025-03-21T03:20:00 PDT" skipped="0">
  <testcase classname="com.Runner.ShoppingRunnerTestcase" name="runScenario" time="11.410"/>
  <testcase classname="com.Runner.ShoppingRunnerTestcase" name="runScenario" time="10.362"/>
</testsuite> <!-- com.Runner.ShoppingRunnerTestcase -->
